<?xml version="1.0" encoding="UTF-8"?>
<testng-results skipped="1" failed="0" total="1" passed="0">
  <reporter-output>
  </reporter-output>
  <suite name="Suite" duration-ms="1430" started-at="2020-09-18T10:18:24Z" finished-at="2020-09-18T10:18:26Z">
    <groups>
    </groups>
    <test name="SalesforceTests" duration-ms="1430" started-at="2020-09-18T10:18:24Z" finished-at="2020-09-18T10:18:26Z">
      <class name="com.rabit.tests.salesforce.LoginAndCreateAnAccount">
        <test-method status="PASS" signature="setExtent()[pri:0, instance:com.rabit.tests.salesforce.LoginAndCreateAnAccount@75bd9247]" name="setExtent" is-config="true" duration-ms="11" started-at="2020-09-18T15:48:24Z" finished-at="2020-09-18T15:48:24Z">
          <reporter-output>
          </reporter-output>
        </test-method> <!-- setExtent -->
        <test-method status="FAIL" signature="openBrowser(java.lang.String, java.lang.reflect.Method)[pri:0, instance:com.rabit.tests.salesforce.LoginAndCreateAnAccount@75bd9247]" name="openBrowser" is-config="true" duration-ms="0" started-at="2020-09-18T15:48:24Z" finished-at="2020-09-18T15:48:24Z">
          <params>
            <param index="0">
              <value>
                <![CDATA[chrome]]>
              </value>
            </param>
            <param index="1">
              <value>
                <![CDATA[public void com.rabit.tests.salesforce.LoginAndCreateAnAccount.testAccount() throws java.lang.InterruptedException]]>
              </value>
            </param>
          </params>
          <exception class="java.lang.NoSuchMethodError">
            <message>
              <![CDATA[com.google.common.util.concurrent.SimpleTimeLimiter.create(Ljava/util/concurrent/ExecutorService;)Lcom/google/common/util/concurrent/SimpleTimeLimiter;]]>
            </message>
            <full-stacktrace>
              <![CDATA[java.lang.NoSuchMethodError: com.google.common.util.concurrent.SimpleTimeLimiter.create(Ljava/util/concurrent/ExecutorService;)Lcom/google/common/util/concurrent/SimpleTimeLimiter;
	at org.openqa.selenium.net.UrlChecker.<init>(UrlChecker.java:62)
	at org.openqa.selenium.remote.service.DriverService.waitUntilAvailable(DriverService.java:188)
	at org.openqa.selenium.remote.service.DriverService.start(DriverService.java:179)
	at org.openqa.selenium.remote.service.DriverCommandExecutor.execute(DriverCommandExecutor.java:79)
	at org.openqa.selenium.remote.RemoteWebDriver.execute(RemoteWebDriver.java:548)
	at org.openqa.selenium.remote.RemoteWebDriver.startSession(RemoteWebDriver.java:212)
	at org.openqa.selenium.remote.RemoteWebDriver.<init>(RemoteWebDriver.java:130)
	at org.openqa.selenium.chrome.ChromeDriver.<init>(ChromeDriver.java:181)
	at org.openqa.selenium.chrome.ChromeDriver.<init>(ChromeDriver.java:168)
	at org.openqa.selenium.chrome.ChromeDriver.<init>(ChromeDriver.java:157)
	at com.rabit.util.BrowserUtil.getChromeWebDriver(BrowserUtil.java:131)
	at com.rabit.util.SuperTestNG.initialiseWebDriver(SuperTestNG.java:73)
	at com.rabit.util.SuperTestNG.openBrowser(SuperTestNG.java:50)
	at sun.reflect.NativeMethodAccessorImpl.invoke0(Native Method)
	at sun.reflect.NativeMethodAccessorImpl.invoke(NativeMethodAccessorImpl.java:62)
	at sun.reflect.DelegatingMethodAccessorImpl.invoke(DelegatingMethodAccessorImpl.java:43)
	at java.lang.reflect.Method.invoke(Method.java:498)
	at org.testng.internal.MethodInvocationHelper.invokeMethod(MethodInvocationHelper.java:86)
	at org.testng.internal.Invoker.invokeConfigurationMethod(Invoker.java:514)
	at org.testng.internal.Invoker.invokeConfigurations(Invoker.java:215)
	at org.testng.internal.Invoker.invokeMethod(Invoker.java:589)
	at org.testng.internal.Invoker.invokeTestMethod(Invoker.java:822)
	at org.testng.internal.Invoker.invokeTestMethods(Invoker.java:1130)
	at org.testng.internal.TestMethodWorker.invokeTestMethods(TestMethodWorker.java:129)
	at org.testng.internal.TestMethodWorker.run(TestMethodWorker.java:112)
	at org.testng.TestRunner.privateRun(TestRunner.java:782)
	at org.testng.TestRunner.run(TestRunner.java:632)
	at org.testng.SuiteRunner.runTest(SuiteRunner.java:366)
	at org.testng.SuiteRunner.access$000(SuiteRunner.java:39)
	at org.testng.SuiteRunner$SuiteWorker.run(SuiteRunner.java:400)
	at org.testng.internal.thread.ThreadUtil$2.call(ThreadUtil.java:64)
	at java.util.concurrent.FutureTask.run(FutureTask.java:266)
	at java.util.concurrent.ThreadPoolExecutor.runWorker(ThreadPoolExecutor.java:1149)
	at java.util.concurrent.ThreadPoolExecutor$Worker.run(ThreadPoolExecutor.java:624)
	at java.lang.Thread.run(Thread.java:748)
]]>
            </full-stacktrace>
          </exception> <!-- java.lang.NoSuchMethodError -->
          <reporter-output>
          </reporter-output>
        </test-method> <!-- openBrowser -->
        <test-method status="SKIP" signature="testAccount()[pri:0, instance:com.rabit.tests.salesforce.LoginAndCreateAnAccount@75bd9247]" name="testAccount" duration-ms="1" started-at="2020-09-18T15:48:26Z" finished-at="2020-09-18T15:48:26Z">
          <reporter-output>
          </reporter-output>
        </test-method> <!-- testAccount -->
        <test-method status="SKIP" signature="closeBrowser(org.testng.ITestResult)[pri:0, instance:com.rabit.tests.salesforce.LoginAndCreateAnAccount@75bd9247]" name="closeBrowser" is-config="true" duration-ms="0" started-at="2020-09-18T15:48:26Z" finished-at="2020-09-18T15:48:26Z">
          <reporter-output>
          </reporter-output>
        </test-method> <!-- closeBrowser -->
        <test-method status="SKIP" signature="endReport()[pri:0, instance:com.rabit.tests.salesforce.LoginAndCreateAnAccount@75bd9247]" name="endReport" is-config="true" duration-ms="0" started-at="2020-09-18T15:48:26Z" finished-at="2020-09-18T15:48:26Z">
          <reporter-output>
          </reporter-output>
        </test-method> <!-- endReport -->
      </class> <!-- com.rabit.tests.salesforce.LoginAndCreateAnAccount -->
    </test> <!-- SalesforceTests -->
  </suite> <!-- Suite -->
</testng-results>
